0 info it worked if it ends with ok
1 verbose cli [ '/Users/y_shibata/.nodebrew/node/v6.7.0/bin/node',
1 verbose cli   '/Users/y_shibata/.nodebrew/current/bin/npm',
1 verbose cli   'run',
1 verbose cli   'watch' ]
2 info using npm@4.0.1
3 info using node@v6.7.0
4 verbose run-script [ 'prewatch', 'watch', 'postwatch' ]
5 info lifecycle scss@1.0.0~prewatch: scss@1.0.0
6 silly lifecycle scss@1.0.0~prewatch: no script for prewatch, continuing
7 info lifecycle scss@1.0.0~watch: scss@1.0.0
8 verbose lifecycle scss@1.0.0~watch: unsafe-perm in lifecycle true
9 verbose lifecycle scss@1.0.0~watch: PATH: /Users/y_shibata/.nodebrew/node/v6.7.0/lib/node_modules/npm/bin/node-gyp-bin:/Users/y_shibata/Documents/project/kotorinoki/new-site/tree_of_little_bird/gulp/node_modules/.bin:/usr/local/bin:/usr/bin:/bin:/usr/sbin:/sbin:/Users/y_shibata/.nodebrew/current/bin:/Users/y_shibata/android-sdk-macosx/platform-tools
10 verbose lifecycle scss@1.0.0~watch: CWD: /Users/y_shibata/Documents/project/kotorinoki/new-site/tree_of_little_bird/gulp
11 silly lifecycle scss@1.0.0~watch: Args: [ '-c', 'gulp watch' ]
12 silly lifecycle scss@1.0.0~watch: Returned: code: 1  signal: null
13 info lifecycle scss@1.0.0~watch: Failed to exec watch script
14 verbose stack Error: scss@1.0.0 watch: `gulp watch`
14 verbose stack Exit status 1
14 verbose stack     at EventEmitter.<anonymous> (/Users/y_shibata/.nodebrew/node/v6.7.0/lib/node_modules/npm/lib/utils/lifecycle.js:279:16)
14 verbose stack     at emitTwo (events.js:106:13)
14 verbose stack     at EventEmitter.emit (events.js:191:7)
14 verbose stack     at ChildProcess.<anonymous> (/Users/y_shibata/.nodebrew/node/v6.7.0/lib/node_modules/npm/lib/utils/spawn.js:40:14)
14 verbose stack     at emitTwo (events.js:106:13)
14 verbose stack     at ChildProcess.emit (events.js:191:7)
14 verbose stack     at maybeClose (internal/child_process.js:877:16)
14 verbose stack     at Process.ChildProcess._handle.onexit (internal/child_process.js:226:5)
15 verbose pkgid scss@1.0.0
16 verbose cwd /Users/y_shibata/Documents/project/kotorinoki/new-site/tree_of_little_bird/gulp
17 error Darwin 15.4.0
18 error argv "/Users/y_shibata/.nodebrew/node/v6.7.0/bin/node" "/Users/y_shibata/.nodebrew/current/bin/npm" "run" "watch"
19 error node v6.7.0
20 error npm  v4.0.1
21 error code ELIFECYCLE
22 error scss@1.0.0 watch: `gulp watch`
22 error Exit status 1
23 error Failed at the scss@1.0.0 watch script 'gulp watch'.
23 error Make sure you have the latest version of node.js and npm installed.
23 error If you do, this is most likely a problem with the scss package,
23 error not with npm itself.
23 error Tell the author that this fails on your system:
23 error     gulp watch
23 error You can get information on how to open an issue for this project with:
23 error     npm bugs scss
23 error Or if that isn't available, you can get their info via:
23 error     npm owner ls scss
23 error There is likely additional logging output above.
24 verbose exit [ 1, true ]
